Determining if the pthread_create exist failed with the following output:
Change Dir: /home/leonie/MIRA-Projects/RemoteControl/UDPMira/build/debug/CMakeFiles/CMakeTmp

Run Build Command:/usr/bin/make "cmTryCompileExec2597684371/fast"
make[1]: Entering directory `/home/leonie/MIRA-Projects/RemoteControl/UDPMira/build/debug/CMakeFiles/CMakeTmp'
/usr/bin/make -f CMakeFiles/cmTryCompileExec2597684371.dir/build.make CMakeFiles/cmTryCompileExec2597684371.dir/build
make[2]: Entering directory `/home/leonie/MIRA-Projects/RemoteControl/UDPMira/build/debug/CMakeFiles/CMakeTmp'
/usr/bin/cmake -E cmake_progress_report /home/leonie/MIRA-Projects/RemoteControl/UDPMira/build/debug/CMakeFiles/CMakeTmp/CMakeFiles 1
Building C object CMakeFiles/cmTryCompileExec2597684371.dir/CheckSymbolExists.c.o
/usr/bin/cc    -o CMakeFiles/cmTryCompileExec2597684371.dir/CheckSymbolExists.c.o   -c /home/leonie/MIRA-Projects/RemoteControl/UDPMira/build/debug/CMakeFiles/CMakeTmp/CheckSymbolExists.c
Linking C executable cmTryCompileExec2597684371
/usr/bin/cmake -E cmake_link_script CMakeFiles/cmTryCompileExec2597684371.dir/link.txt --verbose=1
/usr/bin/cc       CMakeFiles/cmTryCompileExec2597684371.dir/CheckSymbolExists.c.o  -o cmTryCompileExec2597684371 -rdynamic 
CMakeFiles/cmTryCompileExec2597684371.dir/CheckSymbolExists.c.o: In function `main':
CheckSymbolExists.c:(.text+0x16): undefined reference to `pthread_create'
collect2: error: ld returned 1 exit status
make[2]: *** [cmTryCompileExec2597684371] Error 1
make[2]: Leaving directory `/home/leonie/MIRA-Projects/RemoteControl/UDPMira/build/debug/CMakeFiles/CMakeTmp'
make[1]: *** [cmTryCompileExec2597684371/fast] Error 2
make[1]: Leaving directory `/home/leonie/MIRA-Projects/RemoteControl/UDPMira/build/debug/CMakeFiles/CMakeTmp'

File /home/leonie/MIRA-Projects/RemoteControl/UDPMira/build/debug/CMakeFiles/CMakeTmp/CheckSymbolExists.c:
/* */
#include <pthread.h>

int main(int argc, char** argv)
{
  (void)argv;
#ifndef pthread_create
  return ((int*)(&pthread_create))[argc];
#else
  (void)argc;
  return 0;
#endif
}

Determining if the function pthread_create exists in the pthreads failed with the following output:
Change Dir: /home/leonie/MIRA-Projects/RemoteControl/UDPMira/build/debug/CMakeFiles/CMakeTmp

Run Build Command:/usr/bin/make "cmTryCompileExec321349109/fast"
make[1]: Entering directory `/home/leonie/MIRA-Projects/RemoteControl/UDPMira/build/debug/CMakeFiles/CMakeTmp'
/usr/bin/make -f CMakeFiles/cmTryCompileExec321349109.dir/build.make CMakeFiles/cmTryCompileExec321349109.dir/build
make[2]: Entering directory `/home/leonie/MIRA-Projects/RemoteControl/UDPMira/build/debug/CMakeFiles/CMakeTmp'
/usr/bin/cmake -E cmake_progress_report /home/leonie/MIRA-Projects/RemoteControl/UDPMira/build/debug/CMakeFiles/CMakeTmp/CMakeFiles 1
Building C object CMakeFiles/cmTryCompileExec321349109.dir/CheckFunctionExists.c.o
/usr/bin/cc   -DCHECK_FUNCTION_EXISTS=pthread_create   -o CMakeFiles/cmTryCompileExec321349109.dir/CheckFunctionExists.c.o   -c /usr/share/cmake-2.8/Modules/CheckFunctionExists.c
Linking C executable cmTryCompileExec321349109
/usr/bin/cmake -E cmake_link_script CMakeFiles/cmTryCompileExec321349109.dir/link.txt --verbose=1
/usr/bin/cc   -DCHECK_FUNCTION_EXISTS=pthread_create    CMakeFiles/cmTryCompileExec321349109.dir/CheckFunctionExists.c.o  -o cmTryCompileExec321349109 -rdynamic -lpthreads 
/usr/bin/ld: cannot find -lpthreads
collect2: error: ld returned 1 exit status
make[2]: *** [cmTryCompileExec321349109] Error 1
make[2]: Leaving directory `/home/leonie/MIRA-Projects/RemoteControl/UDPMira/build/debug/CMakeFiles/CMakeTmp'
make[1]: *** [cmTryCompileExec321349109/fast] Error 2
make[1]: Leaving directory `/home/leonie/MIRA-Projects/RemoteControl/UDPMira/build/debug/CMakeFiles/CMakeTmp'


